<testsuites id="" name="" tests="2" failures="1" skipped="0" errors="0" time="22.587516">
<testsuite name="auth-setups/consultant.setup.ts" timestamp="2025-07-26T09:00:13.807Z" hostname="auth-setup-consultant" tests="1" failures="0" skipped="0" time="12.964" errors="0">
<testcase name="authenticate consultant only" classname="auth-setups/consultant.setup.ts" time="12.964">
<system-out>
<![CDATA[🚀 Starting consultant-only authentication setup...
🔐 Authenticating consultant: consultant@example.com (max retries: 3)
🔄 Authentication attempt 1/3 for consultant
🚪 Enhanced session cleanup for consultant
✅ Successfully navigated to sign-in page on attempt 1
✅ Sign-in form ready on attempt 1
📝 Filling credentials for consultant
✅ Credentials filled and verified for consultant
🔄 Form submitted for consultant, waiting for redirect...
✅ consultant authentication successful on attempt 1
💾 Saved consultant auth state to playwright/.auth/consultant.json
✅ Consultant authentication ready for testing
🎯 Consultant auth setup complete!
]]>
</system-out>
</testcase>
</testsuite>
<testsuite name="roles/consultant-workflows.spec.ts" timestamp="2025-07-26T09:00:13.807Z" hostname="consultant-workflows" tests="1" failures="1" skipped="0" time="7.28" errors="0">
<testcase name="Consultant Role - Operational Workflows › Authentication &amp; Access Verification › should be blocked from management and admin features" classname="roles/consultant-workflows.spec.ts" time="7.28">
<failure message="consultant-workflows.spec.ts:30:5 should be blocked from management and admin features" type="FAILURE">
<![CDATA[  [consultant-workflows] › roles/consultant-workflows.spec.ts:30:5 › Consultant Role - Operational Workflows › Authentication & Access Verification › should be blocked from management and admin features 

    Error: expect(received).toBe(expected) // Object.is equality

    Expected: true
    Received: false

      42 |         const isProperlyBlocked = currentUrl.includes('/dashboard') && !currentUrl.includes(pagePath);
      43 |         
    > 44 |         expect(isProperlyBlocked).toBe(true);
         |                                   ^
      45 |         console.log(`✅ Consultant properly blocked from ${pagePath} → redirected to ${currentUrl}`);
      46 |       }
      47 |     });
        at /Users/nathanharris/Payroll/Payroll-ByteMy/e2e/roles/consultant-workflows.spec.ts:44:35

    attachment #1: screenshot (image/png) ──────────────────────────────────────────────────────────
    test-results/roles-consultant-workflows-61768-nagement-and-admin-features-consultant-workflows/test-failed-1.png
    ────────────────────────────────────────────────────────────────────────────────────────────────

    attachment #2: video (video/webm) ──────────────────────────────────────────────────────────────
    test-results/roles-consultant-workflows-61768-nagement-and-admin-features-consultant-workflows/video.webm
    ────────────────────────────────────────────────────────────────────────────────────────────────

    Error Context: ../test-results/roles-consultant-workflows-61768-nagement-and-admin-features-consultant-workflows/error-context.md
]]>
</failure>
<system-out>
<![CDATA[
[[ATTACHMENT|roles-consultant-workflows-61768-nagement-and-admin-features-consultant-workflows/test-failed-1.png]]

[[ATTACHMENT|roles-consultant-workflows-61768-nagement-and-admin-features-consultant-workflows/video.webm]]

[[ATTACHMENT|roles-consultant-workflows-61768-nagement-and-admin-features-consultant-workflows/error-context.md]]
]]>
</system-out>
</testcase>
</testsuite>
</testsuites>